PLINK v1.90b6.24 64-bit (6 Jun 2021)
Options in effect:
  --bfile /scratch/richards/tomoko.nakanishi/09.COVID19/05.BQC/01.genotypeQC/v5.0/hgdp_1kg_1.rev
  --make-bed
  --merge-list /scratch/richards/tomoko.nakanishi/09.COVID19/05.BQC/01.genotypeQC/v5.0/hgdp_1kg.mergelst
  --out ../../data/hgdp_1kg

Hostname: d1p-hydrars02.ldi.lan
Working directory: /project/richards/tomoko.nakanishi/repo/BQC19_genotype_pipeline/src/03.Ancestry
Start time: Thu Jan 13 11:57:15 2022

Random number seed: 1642093035
128905 MB RAM detected; reserving 64452 MB for main workspace.
Performing single-pass merge (3942 people, 429874 variants).
Merged fileset written to ../../data/hgdp_1kg-merge.bed +
../../data/hgdp_1kg-merge.bim + ../../data/hgdp_1kg-merge.fam .
429874 variants loaded from .bim file.
3942 people (0 males, 0 females, 3942 ambiguous) loaded from .fam.
Ambiguous sex IDs written to ../../data/hgdp_1kg.nosex .
Using 1 thread (no multithreaded calculations invoked).
Before main variant filters, 3942 founders and 0 nonfounders present.
Calculating allele frequencies... done.
Total genotyping rate is 0.999572.
429874 variants and 3942 people pass filters and QC.
Note: No phenotypes present.
--make-bed to ../../data/hgdp_1kg.bed + ../../data/hgdp_1kg.bim +
../../data/hgdp_1kg.fam ... done.

End time: Thu Jan 13 11:57:34 2022
